0 info it worked if it ends with ok
1 verbose cli [ 'C:\\Program Files\\nodejs\\node.exe',
1 verbose cli   'C:\\Program Files\\nodejs\\node_modules\\npm\\bin\\npm-cli.js',
1 verbose cli   'i',
1 verbose cli   'eslint-config-standard@5.1.0',
1 verbose cli   'eslint-config-standard-jsx@1.1.1',
1 verbose cli   'eslint-configeslint-config' ]
2 info using npm@3.10.8
3 info using node@v6.9.1
4 silly loadCurrentTree Starting
5 silly install loadCurrentTree
6 silly install readLocalPackageData
7 silly fetchPackageMetaData eslint-config-standard@5.1.0
8 silly fetchPackageMetaData eslint-config-standard-jsx@1.1.1
9 silly fetchPackageMetaData eslint-configeslint-config
10 silly fetchNamedPackageData eslint-config-standard
11 silly mapToRegistry name eslint-config-standard
12 silly mapToRegistry using default registry
13 silly mapToRegistry registry https://registry.npmjs.org/
14 silly mapToRegistry data Result {
14 silly mapToRegistry   raw: 'eslint-config-standard',
14 silly mapToRegistry   scope: null,
14 silly mapToRegistry   escapedName: 'eslint-config-standard',
14 silly mapToRegistry   name: 'eslint-config-standard',
14 silly mapToRegistry   rawSpec: '',
14 silly mapToRegistry   spec: 'latest',
14 silly mapToRegistry   type: 'tag' }
15 silly mapToRegistry uri https://registry.npmjs.org/eslint-config-standard
16 silly fetchNamedPackageData eslint-config-standard-jsx
17 silly mapToRegistry name eslint-config-standard-jsx
18 silly mapToRegistry using default registry
19 silly mapToRegistry registry https://registry.npmjs.org/
20 silly mapToRegistry data Result {
20 silly mapToRegistry   raw: 'eslint-config-standard-jsx',
20 silly mapToRegistry   scope: null,
20 silly mapToRegistry   escapedName: 'eslint-config-standard-jsx',
20 silly mapToRegistry   name: 'eslint-config-standard-jsx',
20 silly mapToRegistry   rawSpec: '',
20 silly mapToRegistry   spec: 'latest',
20 silly mapToRegistry   type: 'tag' }
21 silly mapToRegistry uri https://registry.npmjs.org/eslint-config-standard-jsx
22 silly fetchNamedPackageData eslint-configeslint-config
23 silly mapToRegistry name eslint-configeslint-config
24 silly mapToRegistry using default registry
25 silly mapToRegistry registry https://registry.npmjs.org/
26 silly mapToRegistry data Result {
26 silly mapToRegistry   raw: 'eslint-configeslint-config',
26 silly mapToRegistry   scope: null,
26 silly mapToRegistry   escapedName: 'eslint-configeslint-config',
26 silly mapToRegistry   name: 'eslint-configeslint-config',
26 silly mapToRegistry   rawSpec: '',
26 silly mapToRegistry   spec: 'latest',
26 silly mapToRegistry   type: 'tag' }
27 silly mapToRegistry uri https://registry.npmjs.org/eslint-configeslint-config
28 verbose request uri https://registry.npmjs.org/eslint-configeslint-config
29 verbose request no auth needed
30 info attempt registry request try #1 at 7:51:28 PM
31 verbose request id 9710c3848461a65b
32 http request GET https://registry.npmjs.org/eslint-configeslint-config
33 verbose request uri https://registry.npmjs.org/eslint-config-standard
34 verbose request no auth needed
35 info attempt registry request try #1 at 7:51:28 PM
36 verbose etag W/"58cc8865-16cf1"
37 verbose lastModified Sat, 18 Mar 2017 01:07:49 GMT
38 http request GET https://registry.npmjs.org/eslint-config-standard
39 verbose request uri https://registry.npmjs.org/eslint-config-standard-jsx
40 verbose request no auth needed
41 info attempt registry request try #1 at 7:51:28 PM
42 verbose etag W/"589c07cb-6845"
43 verbose lastModified Thu, 09 Feb 2017 06:10:19 GMT
44 http request GET https://registry.npmjs.org/eslint-config-standard-jsx
45 http 304 https://registry.npmjs.org/eslint-config-standard-jsx
46 verbose headers { date: 'Sat, 01 Apr 2017 23:45:24 GMT',
46 verbose headers   via: '1.1 varnish',
46 verbose headers   'cache-control': 'max-age=300',
46 verbose headers   etag: 'W/"589c07cb-6845"',
46 verbose headers   age: '236',
46 verbose headers   connection: 'keep-alive',
46 verbose headers   'x-served-by': 'cache-jfk8140-JFK',
46 verbose headers   'x-cache': 'HIT',
46 verbose headers   'x-cache-hits': '1',
46 verbose headers   'x-timer': 'S1491090324.777479,VS0,VE0',
46 verbose headers   vary: 'Accept-Encoding' }
47 silly get cb [ 304,
47 silly get   { date: 'Sat, 01 Apr 2017 23:45:24 GMT',
47 silly get     via: '1.1 varnish',
47 silly get     'cache-control': 'max-age=300',
47 silly get     etag: 'W/"589c07cb-6845"',
47 silly get     age: '236',
47 silly get     connection: 'keep-alive',
47 silly get     'x-served-by': 'cache-jfk8140-JFK',
47 silly get     'x-cache': 'HIT',
47 silly get     'x-cache-hits': '1',
47 silly get     'x-timer': 'S1491090324.777479,VS0,VE0',
47 silly get     vary: 'Accept-Encoding' } ]
48 verbose etag https://registry.npmjs.org/eslint-config-standard-jsx from cache
49 verbose get saving eslint-config-standard-jsx to C:\Users\Vinu Patel\AppData\Roaming\npm-cache\registry.npmjs.org\eslint-config-standard-jsx\.cache.json
50 verbose correctMkdir C:\Users\Vinu Patel\AppData\Roaming\npm-cache correctMkdir not in flight; initializing
51 http 304 https://registry.npmjs.org/eslint-config-standard
52 verbose headers { date: 'Sat, 01 Apr 2017 23:45:24 GMT',
52 verbose headers   via: '1.1 varnish',
52 verbose headers   'cache-control': 'max-age=300',
52 verbose headers   etag: 'W/"58cc8865-16cf1"',
52 verbose headers   age: '280',
52 verbose headers   connection: 'keep-alive',
52 verbose headers   'x-served-by': 'cache-jfk8148-JFK',
52 verbose headers   'x-cache': 'HIT',
52 verbose headers   'x-cache-hits': '1',
52 verbose headers   'x-timer': 'S1491090324.767420,VS0,VE11',
52 verbose headers   vary: 'Accept-Encoding' }
53 silly get cb [ 304,
53 silly get   { date: 'Sat, 01 Apr 2017 23:45:24 GMT',
53 silly get     via: '1.1 varnish',
53 silly get     'cache-control': 'max-age=300',
53 silly get     etag: 'W/"58cc8865-16cf1"',
53 silly get     age: '280',
53 silly get     connection: 'keep-alive',
53 silly get     'x-served-by': 'cache-jfk8148-JFK',
53 silly get     'x-cache': 'HIT',
53 silly get     'x-cache-hits': '1',
53 silly get     'x-timer': 'S1491090324.767420,VS0,VE11',
53 silly get     vary: 'Accept-Encoding' } ]
54 verbose etag https://registry.npmjs.org/eslint-config-standard from cache
55 verbose get saving eslint-config-standard to C:\Users\Vinu Patel\AppData\Roaming\npm-cache\registry.npmjs.org\eslint-config-standard\.cache.json
56 verbose correctMkdir C:\Users\Vinu Patel\AppData\Roaming\npm-cache correctMkdir already in flight; waiting
57 http 404 https://registry.npmjs.org/eslint-configeslint-config
58 verbose headers { 'content-type': 'application/json',
58 verbose headers   'cache-control': 'max-age=0',
58 verbose headers   'content-length': '2',
58 verbose headers   'accept-ranges': 'bytes',
58 verbose headers   date: 'Sat, 01 Apr 2017 23:45:24 GMT',
58 verbose headers   via: '1.1 varnish',
58 verbose headers   age: '0',
58 verbose headers   connection: 'keep-alive',
58 verbose headers   'x-served-by': 'cache-jfk8139-JFK',
58 verbose headers   'x-cache': 'MISS',
58 verbose headers   'x-cache-hits': '0',
58 verbose headers   'x-timer': 'S1491090324.767448,VS0,VE151',
58 verbose headers   vary: 'Accept-Encoding' }
59 silly get cb [ 404,
59 silly get   { 'content-type': 'application/json',
59 silly get     'cache-control': 'max-age=0',
59 silly get     'content-length': '2',
59 silly get     'accept-ranges': 'bytes',
59 silly get     date: 'Sat, 01 Apr 2017 23:45:24 GMT',
59 silly get     via: '1.1 varnish',
59 silly get     age: '0',
59 silly get     connection: 'keep-alive',
59 silly get     'x-served-by': 'cache-jfk8139-JFK',
59 silly get     'x-cache': 'MISS',
59 silly get     'x-cache-hits': '0',
59 silly get     'x-timer': 'S1491090324.767448,VS0,VE151',
59 silly get     vary: 'Accept-Encoding' } ]
60 silly fetchPackageMetaData Error: Registry returned 404 for GET on https://registry.npmjs.org/eslint-configeslint-config
60 silly fetchPackageMetaData     at makeError (C:\Program Files\nodejs\node_modules\npm\node_modules\npm-registry-client\lib\request.js:302:12)
60 silly fetchPackageMetaData     at CachingRegistryClient.<anonymous> (C:\Program Files\nodejs\node_modules\npm\node_modules\npm-registry-client\lib\request.js:280:14)
60 silly fetchPackageMetaData     at Request._callback (C:\Program Files\nodejs\node_modules\npm\node_modules\npm-registry-client\lib\request.js:210:14)
60 silly fetchPackageMetaData     at Request.self.callback (C:\Program Files\nodejs\node_modules\npm\node_modules\request\request.js:187:22)
60 silly fetchPackageMetaData     at emitTwo (events.js:106:13)
60 silly fetchPackageMetaData     at Request.emit (events.js:191:7)
60 silly fetchPackageMetaData     at Request.<anonymous> (C:\Program Files\nodejs\node_modules\npm\node_modules\request\request.js:1044:10)
60 silly fetchPackageMetaData     at emitOne (events.js:96:13)
60 silly fetchPackageMetaData     at Request.emit (events.js:188:7)
60 silly fetchPackageMetaData     at IncomingMessage.<anonymous> (C:\Program Files\nodejs\node_modules\npm\node_modules\request\request.js:965:12)
60 silly fetchPackageMetaData  error for eslint-configeslint-config { Error: Registry returned 404 for GET on https://registry.npmjs.org/eslint-configeslint-config
60 silly fetchPackageMetaData     at makeError (C:\Program Files\nodejs\node_modules\npm\node_modules\npm-registry-client\lib\request.js:302:12)
60 silly fetchPackageMetaData     at CachingRegistryClient.<anonymous> (C:\Program Files\nodejs\node_modules\npm\node_modules\npm-registry-client\lib\request.js:280:14)
60 silly fetchPackageMetaData     at Request._callback (C:\Program Files\nodejs\node_modules\npm\node_modules\npm-registry-client\lib\request.js:210:14)
60 silly fetchPackageMetaData     at Request.self.callback (C:\Program Files\nodejs\node_modules\npm\node_modules\request\request.js:187:22)
60 silly fetchPackageMetaData     at emitTwo (events.js:106:13)
60 silly fetchPackageMetaData     at Request.emit (events.js:191:7)
60 silly fetchPackageMetaData     at Request.<anonymous> (C:\Program Files\nodejs\node_modules\npm\node_modules\request\request.js:1044:10)
60 silly fetchPackageMetaData     at emitOne (events.js:96:13)
60 silly fetchPackageMetaData     at Request.emit (events.js:188:7)
60 silly fetchPackageMetaData     at IncomingMessage.<anonymous> (C:\Program Files\nodejs\node_modules\npm\node_modules\request\request.js:965:12)
60 silly fetchPackageMetaData   pkgid: 'eslint-configeslint-config',
60 silly fetchPackageMetaData   statusCode: 404,
60 silly fetchPackageMetaData   code: 'E404' }
61 silly rollbackFailedOptional Starting
62 silly rollbackFailedOptional Finishing
63 silly runTopLevelLifecycles Finishing
64 silly install printInstalled
65 verbose stack Error: Registry returned 404 for GET on https://registry.npmjs.org/eslint-configeslint-config
65 verbose stack     at makeError (C:\Program Files\nodejs\node_modules\npm\node_modules\npm-registry-client\lib\request.js:302:12)
65 verbose stack     at CachingRegistryClient.<anonymous> (C:\Program Files\nodejs\node_modules\npm\node_modules\npm-registry-client\lib\request.js:280:14)
65 verbose stack     at Request._callback (C:\Program Files\nodejs\node_modules\npm\node_modules\npm-registry-client\lib\request.js:210:14)
65 verbose stack     at Request.self.callback (C:\Program Files\nodejs\node_modules\npm\node_modules\request\request.js:187:22)
65 verbose stack     at emitTwo (events.js:106:13)
65 verbose stack     at Request.emit (events.js:191:7)
65 verbose stack     at Request.<anonymous> (C:\Program Files\nodejs\node_modules\npm\node_modules\request\request.js:1044:10)
65 verbose stack     at emitOne (events.js:96:13)
65 verbose stack     at Request.emit (events.js:188:7)
65 verbose stack     at IncomingMessage.<anonymous> (C:\Program Files\nodejs\node_modules\npm\node_modules\request\request.js:965:12)
66 verbose statusCode 404
67 verbose pkgid eslint-configeslint-config
68 verbose cwd C:\Users\Vinu Patel\Desktop\react\intro-to-react
69 error Windows_NT 6.3.9600
70 error argv "C:\\Program Files\\nodejs\\node.exe" "C:\\Program Files\\nodejs\\node_modules\\npm\\bin\\npm-cli.js" "i" "eslint-config-standard@5.1.0" "eslint-config-standard-jsx@1.1.1" "eslint-configeslint-config"
71 error node v6.9.1
72 error npm  v3.10.8
73 error code E404
74 error 404 Registry returned 404 for GET on https://registry.npmjs.org/eslint-configeslint-config
75 error 404
76 error 404 'eslint-configeslint-config' is not in the npm registry.
77 error 404 You should bug the author to publish it (or use the name yourself!)
78 error 404 Note that you can also install from a
79 error 404 tarball, folder, http url, or git url.
80 verbose exit [ 1, true ]
